The system is: Linux - 2.6.32-573.12.1.el6.x86_64 - x86_64
Compiling the C compiler identification source file "CMakeCCompilerId.c" succeeded.
Compiler: /usr/local/pacerepov1/gcc/4.9.0/bin/gcc 
Build flags: 
Id flags:  

The output was:
0


Compilation of the C compiler identification source "CMakeCCompilerId.c" produced "a.out"

The C compiler identification is GNU, found in "/nv/coc-ice/ali97/ece6122/assignments/hw5/p3/build/CMakeFiles/3.9.1/CompilerIdC/a.out"

Compiling the CXX compiler identification source file "CMakeCXXCompilerId.cpp" succeeded.
Compiler: /usr/local/pacerepov1/gcc/4.9.0/bin/g++ 
Build flags: 
Id flags:  

The output was:
0


Compilation of the CXX compiler identification source "CMakeCXXCompilerId.cpp" produced "a.out"

The CXX compiler identification is GNU, found in "/nv/coc-ice/ali97/ece6122/assignments/hw5/p3/build/CMakeFiles/3.9.1/CompilerIdCXX/a.out"

Determining if the C compiler works passed with the following output:
Change Dir: /nv/coc-ice/ali97/ece6122/assignments/hw5/p3/build/CMakeFiles/CMakeTmp

Run Build Command:"/usr/bin/gmake" "cmTC_c14f3/fast"
/usr/bin/gmake -f CMakeFiles/cmTC_c14f3.dir/build.make CMakeFiles/cmTC_c14f3.dir/build
gmake[1]: Entering directory `/nv/coc-ice/ali97/ece6122/assignments/hw5/p3/build/CMakeFiles/CMakeTmp'
Building C object CMakeFiles/cmTC_c14f3.dir/testCCompiler.c.o
/usr/local/pacerepov1/gcc/4.9.0/bin/gcc    -o CMakeFiles/cmTC_c14f3.dir/testCCompiler.c.o   -c /nv/coc-ice/ali97/ece6122/assignments/hw5/p3/build/CMakeFiles/CMakeTmp/testCCompiler.c
Linking C executable cmTC_c14f3
/nv/usr-local-rhel6.7/pacerepov1/cmake/3.9.1/bin/cmake -E cmake_link_script CMakeFiles/cmTC_c14f3.dir/link.txt --verbose=1
/usr/local/pacerepov1/gcc/4.9.0/bin/gcc    -L/usr/local/pacerepov1/cuda/9.1/lib64 -L/usr/local/pacerepov1/cuda/9.1/lib -L/usr/local/pacerepov1//openmpi/1.8/gcc-4.9.0/lib -L/usr/local/pacerepov1/gcc/mpc/0.9/lib -L/usr/local/pacerepov1/gcc/mpfr/3.1.0/lib -L/usr/local/pacerepov1/gmp/5.0.2/lib -L/usr/local/pacerepov1/gcc/4.9.0/lib64 -L/usr/local/pacerepov1/curl/7.42.1/lib  -rdynamic CMakeFiles/cmTC_c14f3.dir/testCCompiler.c.o  -o cmTC_c14f3 
gmake[1]: Leaving directory `/nv/coc-ice/ali97/ece6122/assignments/hw5/p3/build/CMakeFiles/CMakeTmp'


Detecting C compiler ABI info compiled with the following output:
Change Dir: /nv/coc-ice/ali97/ece6122/assignments/hw5/p3/build/CMakeFiles/CMakeTmp

Run Build Command:"/usr/bin/gmake" "cmTC_65e8b/fast"
/usr/bin/gmake -f CMakeFiles/cmTC_65e8b.dir/build.make CMakeFiles/cmTC_65e8b.dir/build
gmake[1]: Entering directory `/nv/coc-ice/ali97/ece6122/assignments/hw5/p3/build/CMakeFiles/CMakeTmp'
Building C object CMakeFiles/cmTC_65e8b.dir/CMakeCCompilerABI.c.o
/usr/local/pacerepov1/gcc/4.9.0/bin/gcc    -o CMakeFiles/cmTC_65e8b.dir/CMakeCCompilerABI.c.o   -c /nv/usr-local-rhel6.7/pacerepov1/cmake/3.9.1/share/cmake-3.9/Modules/CMakeCCompilerABI.c
Linking C executable cmTC_65e8b
/nv/usr-local-rhel6.7/pacerepov1/cmake/3.9.1/bin/cmake -E cmake_link_script CMakeFiles/cmTC_65e8b.dir/link.txt --verbose=1
/usr/local/pacerepov1/gcc/4.9.0/bin/gcc    -L/usr/local/pacerepov1/cuda/9.1/lib64 -L/usr/local/pacerepov1/cuda/9.1/lib -L/usr/local/pacerepov1//openmpi/1.8/gcc-4.9.0/lib -L/usr/local/pacerepov1/gcc/mpc/0.9/lib -L/usr/local/pacerepov1/gcc/mpfr/3.1.0/lib -L/usr/local/pacerepov1/gmp/5.0.2/lib -L/usr/local/pacerepov1/gcc/4.9.0/lib64 -L/usr/local/pacerepov1/curl/7.42.1/lib -v -rdynamic CMakeFiles/cmTC_65e8b.dir/CMakeCCompilerABI.c.o  -o cmTC_65e8b 
Using built-in specs.
COLLECT_GCC=/usr/local/pacerepov1/gcc/4.9.0/bin/gcc
COLLECT_LTO_WRAPPER=/nv/usr-local-rhel6.7/pacerepov1/gcc/4.9.0/bin/../libexec/gcc/x86_64-unknown-linux-gnu/4.9.0/lto-wrapper
Target: x86_64-unknown-linux-gnu
Configured with: ../configure --prefix=/usr/local/packages/gcc/4.9.0/ --with-gmp=/usr/local/packages/gmp/5.0.2/gcc-4.4.5/ --with-gmp-lib=/usr/local/packages/gmp/5.0.2/gcc-4.4.5/lib/ --with-mpfr=/usr/local/packages/gcc/mpfr/3.1.0/ --with-mpfr-lib=/usr/local/packages/gcc/mpfr/3.1.0/lib --with-mpc=/usr/local/packages/gcc/mpc/0.9/ --with-mpc-lib=/usr/local/packages/gcc/mpc/0.9/lib/ --enable-languages=c,c++,fortran,go,java
Thread model: posix
gcc version 4.9.0 (GCC) 
COMPILER_PATH=/nv/usr-local-rhel6.7/pacerepov1/gcc/4.9.0/bin/../libexec/gcc/x86_64-unknown-linux-gnu/4.9.0/:/nv/usr-local-rhel6.7/pacerepov1/gcc/4.9.0/bin/../libexec/gcc/
LIBRARY_PATH=/nv/usr-local-rhel6.7/pacerepov1/gcc/4.9.0/bin/../lib/gcc/x86_64-unknown-linux-gnu/4.9.0/:/nv/usr-local-rhel6.7/pacerepov1/gcc/4.9.0/bin/../lib/gcc/:/nv/usr-local-rhel6.7/pacerepov1/gcc/4.9.0/bin/../lib/gcc/x86_64-unknown-linux-gnu/4.9.0/../../../../lib64/:/lib/../lib64/:/usr/lib/../lib64/:/nv/usr-local-rhel6.7/pacerepov1/gcc/4.9.0/bin/../lib/gcc/x86_64-unknown-linux-gnu/4.9.0/../../../:/lib/:/usr/lib/
COLLECT_GCC_OPTIONS='-L/usr/local/pacerepov1/cuda/9.1/lib64' '-L/usr/local/pacerepov1/cuda/9.1/lib' '-L/usr/local/pacerepov1//openmpi/1.8/gcc-4.9.0/lib' '-L/usr/local/pacerepov1/gcc/mpc/0.9/lib' '-L/usr/local/pacerepov1/gcc/mpfr/3.1.0/lib' '-L/usr/local/pacerepov1/gmp/5.0.2/lib' '-L/usr/local/pacerepov1/gcc/4.9.0/lib64' '-L/usr/local/pacerepov1/curl/7.42.1/lib' '-v' '-rdynamic' '-o' 'cmTC_65e8b' '-mtune=generic' '-march=x86-64'
 /nv/usr-local-rhel6.7/pacerepov1/gcc/4.9.0/bin/../libexec/gcc/x86_64-unknown-linux-gnu/4.9.0/collect2 --eh-frame-hdr -m elf_x86_64 -export-dynamic -dynamic-linker /lib64/ld-linux-x86-64.so.2 -o cmTC_65e8b /usr/lib/../lib64/crt1.o /usr/lib/../lib64/crti.o /nv/usr-local-rhel6.7/pacerepov1/gcc/4.9.0/bin/../lib/gcc/x86_64-unknown-linux-gnu/4.9.0/crtbegin.o -L/usr/local/pacerepov1/cuda/9.1/lib64 -L/usr/local/pacerepov1/cuda/9.1/lib -L/usr/local/pacerepov1//openmpi/1.8/gcc-4.9.0/lib -L/usr/local/pacerepov1/gcc/mpc/0.9/lib -L/usr/local/pacerepov1/gcc/mpfr/3.1.0/lib -L/usr/local/pacerepov1/gmp/5.0.2/lib -L/usr/local/pacerepov1/gcc/4.9.0/lib64 -L/usr/local/pacerepov1/curl/7.42.1/lib -L/nv/usr-local-rhel6.7/pacerepov1/gcc/4.9.0/bin/../lib/gcc/x86_64-unknown-linux-gnu/4.9.0 -L/nv/usr-local-rhel6.7/pacerepov1/gcc/4.9.0/bin/../lib/gcc -L/nv/usr-local-rhel6.7/pacerepov1/gcc/4.9.0/bin/../lib/gcc/x86_64-unknown-linux-gnu/4.9.0/../../../../lib64 -L/lib/../lib64 -L/usr/lib/../lib64 -L/nv/usr-local-rhel6.7/pacerepov1/gcc/4.9.0/bin/../lib/gcc/x86_64-unknown-linux-gnu/4.9.0/../../.. CMakeFiles/cmTC_65e8b.dir/CMakeCCompilerABI.c.o -lgcc --as-needed -lgcc_s --no-as-needed -lc -lgcc --as-needed -lgcc_s --no-as-needed /nv/usr-local-rhel6.7/pacerepov1/gcc/4.9.0/bin/../lib/gcc/x86_64-unknown-linux-gnu/4.9.0/crtend.o /usr/lib/../lib64/crtn.o
gmake[1]: Leaving directory `/nv/coc-ice/ali97/ece6122/assignments/hw5/p3/build/CMakeFiles/CMakeTmp'


Parsed C implicit link information from above output:
  link line regex: [^( *|.*[/\])(ld|CMAKE_LINK_STARTFILE-NOTFOUND|([^/\]+-)?ld|collect2)[^/\]*( |$)]
  ignore line: [Change Dir: /nv/coc-ice/ali97/ece6122/assignments/hw5/p3/build/CMakeFiles/CMakeTmp]
  ignore line: []
  ignore line: [Run Build Command:"/usr/bin/gmake" "cmTC_65e8b/fast"]
  ignore line: [/usr/bin/gmake -f CMakeFiles/cmTC_65e8b.dir/build.make CMakeFiles/cmTC_65e8b.dir/build]
  ignore line: [gmake[1]: Entering directory `/nv/coc-ice/ali97/ece6122/assignments/hw5/p3/build/CMakeFiles/CMakeTmp']
  ignore line: [Building C object CMakeFiles/cmTC_65e8b.dir/CMakeCCompilerABI.c.o]
  ignore line: [/usr/local/pacerepov1/gcc/4.9.0/bin/gcc    -o CMakeFiles/cmTC_65e8b.dir/CMakeCCompilerABI.c.o   -c /nv/usr-local-rhel6.7/pacerepov1/cmake/3.9.1/share/cmake-3.9/Modules/CMakeCCompilerABI.c]
  ignore line: [Linking C executable cmTC_65e8b]
  ignore line: [/nv/usr-local-rhel6.7/pacerepov1/cmake/3.9.1/bin/cmake -E cmake_link_script CMakeFiles/cmTC_65e8b.dir/link.txt --verbose=1]
  ignore line: [/usr/local/pacerepov1/gcc/4.9.0/bin/gcc    -L/usr/local/pacerepov1/cuda/9.1/lib64 -L/usr/local/pacerepov1/cuda/9.1/lib -L/usr/local/pacerepov1//openmpi/1.8/gcc-4.9.0/lib -L/usr/local/pacerepov1/gcc/mpc/0.9/lib -L/usr/local/pacerepov1/gcc/mpfr/3.1.0/lib -L/usr/local/pacerepov1/gmp/5.0.2/lib -L/usr/local/pacerepov1/gcc/4.9.0/lib64 -L/usr/local/pacerepov1/curl/7.42.1/lib -v -rdynamic CMakeFiles/cmTC_65e8b.dir/CMakeCCompilerABI.c.o  -o cmTC_65e8b ]
  ignore line: [Using built-in specs.]
  ignore line: [COLLECT_GCC=/usr/local/pacerepov1/gcc/4.9.0/bin/gcc]
  ignore line: [COLLECT_LTO_WRAPPER=/nv/usr-local-rhel6.7/pacerepov1/gcc/4.9.0/bin/../libexec/gcc/x86_64-unknown-linux-gnu/4.9.0/lto-wrapper]
  ignore line: [Target: x86_64-unknown-linux-gnu]
  ignore line: [Configured with: ../configure --prefix=/usr/local/packages/gcc/4.9.0/ --with-gmp=/usr/local/packages/gmp/5.0.2/gcc-4.4.5/ --with-gmp-lib=/usr/local/packages/gmp/5.0.2/gcc-4.4.5/lib/ --with-mpfr=/usr/local/packages/gcc/mpfr/3.1.0/ --with-mpfr-lib=/usr/local/packages/gcc/mpfr/3.1.0/lib --with-mpc=/usr/local/packages/gcc/mpc/0.9/ --with-mpc-lib=/usr/local/packages/gcc/mpc/0.9/lib/ --enable-languages=c,c++,fortran,go,java]
  ignore line: [Thread model: posix]
  ignore line: [gcc version 4.9.0 (GCC) ]
  ignore line: [COMPILER_PATH=/nv/usr-local-rhel6.7/pacerepov1/gcc/4.9.0/bin/../libexec/gcc/x86_64-unknown-linux-gnu/4.9.0/:/nv/usr-local-rhel6.7/pacerepov1/gcc/4.9.0/bin/../libexec/gcc/]
  ignore line: [LIBRARY_PATH=/nv/usr-local-rhel6.7/pacerepov1/gcc/4.9.0/bin/../lib/gcc/x86_64-unknown-linux-gnu/4.9.0/:/nv/usr-local-rhel6.7/pacerepov1/gcc/4.9.0/bin/../lib/gcc/:/nv/usr-local-rhel6.7/pacerepov1/gcc/4.9.0/bin/../lib/gcc/x86_64-unknown-linux-gnu/4.9.0/../../../../lib64/:/lib/../lib64/:/usr/lib/../lib64/:/nv/usr-local-rhel6.7/pacerepov1/gcc/4.9.0/bin/../lib/gcc/x86_64-unknown-linux-gnu/4.9.0/../../../:/lib/:/usr/lib/]
  ignore line: [COLLECT_GCC_OPTIONS='-L/usr/local/pacerepov1/cuda/9.1/lib64' '-L/usr/local/pacerepov1/cuda/9.1/lib' '-L/usr/local/pacerepov1//openmpi/1.8/gcc-4.9.0/lib' '-L/usr/local/pacerepov1/gcc/mpc/0.9/lib' '-L/usr/local/pacerepov1/gcc/mpfr/3.1.0/lib' '-L/usr/local/pacerepov1/gmp/5.0.2/lib' '-L/usr/local/pacerepov1/gcc/4.9.0/lib64' '-L/usr/local/pacerepov1/curl/7.42.1/lib' '-v' '-rdynamic' '-o' 'cmTC_65e8b' '-mtune=generic' '-march=x86-64']
  link line: [ /nv/usr-local-rhel6.7/pacerepov1/gcc/4.9.0/bin/../libexec/gcc/x86_64-unknown-linux-gnu/4.9.0/collect2 --eh-frame-hdr -m elf_x86_64 -export-dynamic -dynamic-linker /lib64/ld-linux-x86-64.so.2 -o cmTC_65e8b /usr/lib/../lib64/crt1.o /usr/lib/../lib64/crti.o /nv/usr-local-rhel6.7/pacerepov1/gcc/4.9.0/bin/../lib/gcc/x86_64-unknown-linux-gnu/4.9.0/crtbegin.o -L/usr/local/pacerepov1/cuda/9.1/lib64 -L/usr/local/pacerepov1/cuda/9.1/lib -L/usr/local/pacerepov1//openmpi/1.8/gcc-4.9.0/lib -L/usr/local/pacerepov1/gcc/mpc/0.9/lib -L/usr/local/pacerepov1/gcc/mpfr/3.1.0/lib -L/usr/local/pacerepov1/gmp/5.0.2/lib -L/usr/local/pacerepov1/gcc/4.9.0/lib64 -L/usr/local/pacerepov1/curl/7.42.1/lib -L/nv/usr-local-rhel6.7/pacerepov1/gcc/4.9.0/bin/../lib/gcc/x86_64-unknown-linux-gnu/4.9.0 -L/nv/usr-local-rhel6.7/pacerepov1/gcc/4.9.0/bin/../lib/gcc -L/nv/usr-local-rhel6.7/pacerepov1/gcc/4.9.0/bin/../lib/gcc/x86_64-unknown-linux-gnu/4.9.0/../../../../lib64 -L/lib/../lib64 -L/usr/lib/../lib64 -L/nv/usr-local-rhel6.7/pacerepov1/gcc/4.9.0/bin/../lib/gcc/x86_64-unknown-linux-gnu/4.9.0/../../.. CMakeFiles/cmTC_65e8b.dir/CMakeCCompilerABI.c.o -lgcc --as-needed -lgcc_s --no-as-needed -lc -lgcc --as-needed -lgcc_s --no-as-needed /nv/usr-local-rhel6.7/pacerepov1/gcc/4.9.0/bin/../lib/gcc/x86_64-unknown-linux-gnu/4.9.0/crtend.o /usr/lib/../lib64/crtn.o]
    arg [/nv/usr-local-rhel6.7/pacerepov1/gcc/4.9.0/bin/../libexec/gcc/x86_64-unknown-linux-gnu/4.9.0/collect2] ==> ignore
    arg [--eh-frame-hdr] ==> ignore
    arg [-m] ==> ignore
    arg [elf_x86_64] ==> ignore
    arg [-export-dynamic] ==> ignore
    arg [-dynamic-linker] ==> ignore
    arg [/lib64/ld-linux-x86-64.so.2] ==> ignore
    arg [-o] ==> ignore
    arg [cmTC_65e8b] ==> ignore
    arg [/usr/lib/../lib64/crt1.o] ==> ignore
    arg [/usr/lib/../lib64/crti.o] ==> ignore
    arg [/nv/usr-local-rhel6.7/pacerepov1/gcc/4.9.0/bin/../lib/gcc/x86_64-unknown-linux-gnu/4.9.0/crtbegin.o] ==> ignore
    arg [-L/usr/local/pacerepov1/cuda/9.1/lib64] ==> dir [/usr/local/pacerepov1/cuda/9.1/lib64]
    arg [-L/usr/local/pacerepov1/cuda/9.1/lib] ==> dir [/usr/local/pacerepov1/cuda/9.1/lib]
    arg [-L/usr/local/pacerepov1//openmpi/1.8/gcc-4.9.0/lib] ==> dir [/usr/local/pacerepov1//openmpi/1.8/gcc-4.9.0/lib]
    arg [-L/usr/local/pacerepov1/gcc/mpc/0.9/lib] ==> dir [/usr/local/pacerepov1/gcc/mpc/0.9/lib]
    arg [-L/usr/local/pacerepov1/gcc/mpfr/3.1.0/lib] ==> dir [/usr/local/pacerepov1/gcc/mpfr/3.1.0/lib]
    arg [-L/usr/local/pacerepov1/gmp/5.0.2/lib] ==> dir [/usr/local/pacerepov1/gmp/5.0.2/lib]
    arg [-L/usr/local/pacerepov1/gcc/4.9.0/lib64] ==> dir [/usr/local/pacerepov1/gcc/4.9.0/lib64]
    arg [-L/usr/local/pacerepov1/curl/7.42.1/lib] ==> dir [/usr/local/pacerepov1/curl/7.42.1/lib]
    arg [-L/nv/usr-local-rhel6.7/pacerepov1/gcc/4.9.0/bin/../lib/gcc/x86_64-unknown-linux-gnu/4.9.0] ==> dir [/nv/usr-local-rhel6.7/pacerepov1/gcc/4.9.0/bin/../lib/gcc/x86_64-unknown-linux-gnu/4.9.0]
    arg [-L/nv/usr-local-rhel6.7/pacerepov1/gcc/4.9.0/bin/../lib/gcc] ==> dir [/nv/usr-local-rhel6.7/pacerepov1/gcc/4.9.0/bin/../lib/gcc]
    arg [-L/nv/usr-local-rhel6.7/pacerepov1/gcc/4.9.0/bin/../lib/gcc/x86_64-unknown-linux-gnu/4.9.0/../../../../lib64] ==> dir [/nv/usr-local-rhel6.7/pacerepov1/gcc/4.9.0/bin/../lib/gcc/x86_64-unknown-linux-gnu/4.9.0/../../../../lib64]
    arg [-L/lib/../lib64] ==> dir [/lib/../lib64]
    arg [-L/usr/lib/../lib64] ==> dir [/usr/lib/../lib64]
    arg [-L/nv/usr-local-rhel6.7/pacerepov1/gcc/4.9.0/bin/../lib/gcc/x86_64-unknown-linux-gnu/4.9.0/../../..] ==> dir [/nv/usr-local-rhel6.7/pacerepov1/gcc/4.9.0/bin/../lib/gcc/x86_64-unknown-linux-gnu/4.9.0/../../..]
    arg [CMakeFiles/cmTC_65e8b.dir/CMakeCCompilerABI.c.o] ==> ignore
    arg [-lgcc] ==> lib [gcc]
    arg [--as-needed] ==> ignore
    arg [-lgcc_s] ==> lib [gcc_s]
    arg [--no-as-needed] ==> ignore
    arg [-lc] ==> lib [c]
    arg [-lgcc] ==> lib [gcc]
    arg [--as-needed] ==> ignore
    arg [-lgcc_s] ==> lib [gcc_s]
    arg [--no-as-needed] ==> ignore
    arg [/nv/usr-local-rhel6.7/pacerepov1/gcc/4.9.0/bin/../lib/gcc/x86_64-unknown-linux-gnu/4.9.0/crtend.o] ==> ignore
    arg [/usr/lib/../lib64/crtn.o] ==> ignore
  collapse library dir [/usr/local/pacerepov1/cuda/9.1/lib64] ==> [/usr/local/pacerepov1/cuda/9.1/lib64]
  collapse library dir [/usr/local/pacerepov1/cuda/9.1/lib] ==> [/usr/local/pacerepov1/cuda/9.1/lib]
  collapse library dir [/usr/local/pacerepov1//openmpi/1.8/gcc-4.9.0/lib] ==> [/usr/local/pacerepov1/openmpi/1.8/gcc-4.9.0/lib]
  collapse library dir [/usr/local/pacerepov1/gcc/mpc/0.9/lib] ==> [/usr/local/pacerepov1/gcc/mpc/0.9/lib]
  collapse library dir [/usr/local/pacerepov1/gcc/mpfr/3.1.0/lib] ==> [/usr/local/pacerepov1/gcc/mpfr/3.1.0/lib]
  collapse library dir [/usr/local/pacerepov1/gmp/5.0.2/lib] ==> [/usr/local/pacerepov1/gmp/5.0.2/lib]
  collapse library dir [/usr/local/pacerepov1/gcc/4.9.0/lib64] ==> [/usr/local/pacerepov1/gcc/4.9.0/lib64]
  collapse library dir [/usr/local/pacerepov1/curl/7.42.1/lib] ==> [/usr/local/pacerepov1/curl/7.42.1/lib]
  collapse library dir [/nv/usr-local-rhel6.7/pacerepov1/gcc/4.9.0/bin/../lib/gcc/x86_64-unknown-linux-gnu/4.9.0] ==> [/nv/usr-local-rhel6.7/pacerepov1/gcc/4.9.0/lib/gcc/x86_64-unknown-linux-gnu/4.9.0]
  collapse library dir [/nv/usr-local-rhel6.7/pacerepov1/gcc/4.9.0/bin/../lib/gcc] ==> [/nv/usr-local-rhel6.7/pacerepov1/gcc/4.9.0/lib/gcc]
  collapse library dir [/nv/usr-local-rhel6.7/pacerepov1/gcc/4.9.0/bin/../lib/gcc/x86_64-unknown-linux-gnu/4.9.0/../../../../lib64] ==> [/nv/usr-local-rhel6.7/pacerepov1/gcc/4.9.0/lib64]
  collapse library dir [/lib/../lib64] ==> [/lib64]
  collapse library dir [/usr/lib/../lib64] ==> [/usr/lib64]
  collapse library dir [/nv/usr-local-rhel6.7/pacerepov1/gcc/4.9.0/bin/../lib/gcc/x86_64-unknown-linux-gnu/4.9.0/../../..] ==> [/nv/usr-local-rhel6.7/pacerepov1/gcc/4.9.0/lib]
  implicit libs: [gcc;gcc_s;c;gcc;gcc_s]
  implicit dirs: [/usr/local/pacerepov1/cuda/9.1/lib64;/usr/local/pacerepov1/cuda/9.1/lib;/usr/local/pacerepov1/openmpi/1.8/gcc-4.9.0/lib;/usr/local/pacerepov1/gcc/mpc/0.9/lib;/usr/local/pacerepov1/gcc/mpfr/3.1.0/lib;/usr/local/pacerepov1/gmp/5.0.2/lib;/usr/local/pacerepov1/gcc/4.9.0/lib64;/usr/local/pacerepov1/curl/7.42.1/lib;/nv/usr-local-rhel6.7/pacerepov1/gcc/4.9.0/lib/gcc/x86_64-unknown-linux-gnu/4.9.0;/nv/usr-local-rhel6.7/pacerepov1/gcc/4.9.0/lib/gcc;/nv/usr-local-rhel6.7/pacerepov1/gcc/4.9.0/lib64;/lib64;/usr/lib64;/nv/usr-local-rhel6.7/pacerepov1/gcc/4.9.0/lib]
  implicit fwks: []




Detecting C [-std=c11] compiler features compiled with the following output:
Change Dir: /nv/coc-ice/ali97/ece6122/assignments/hw5/p3/build/CMakeFiles/CMakeTmp

Run Build Command:"/usr/bin/gmake" "cmTC_f94fc/fast"
/usr/bin/gmake -f CMakeFiles/cmTC_f94fc.dir/build.make CMakeFiles/cmTC_f94fc.dir/build
gmake[1]: Entering directory `/nv/coc-ice/ali97/ece6122/assignments/hw5/p3/build/CMakeFiles/CMakeTmp'
Building C object CMakeFiles/cmTC_f94fc.dir/feature_tests.c.o
/usr/local/pacerepov1/gcc/4.9.0/bin/gcc   -std=c11 -o CMakeFiles/cmTC_f94fc.dir/feature_tests.c.o   -c /nv/coc-ice/ali97/ece6122/assignments/hw5/p3/build/CMakeFiles/feature_tests.c
Linking C executable cmTC_f94fc
/nv/usr-local-rhel6.7/pacerepov1/cmake/3.9.1/bin/cmake -E cmake_link_script CMakeFiles/cmTC_f94fc.dir/link.txt --verbose=1
/usr/local/pacerepov1/gcc/4.9.0/bin/gcc    -L/usr/local/pacerepov1/cuda/9.1/lib64 -L/usr/local/pacerepov1/cuda/9.1/lib -L/usr/local/pacerepov1//openmpi/1.8/gcc-4.9.0/lib -L/usr/local/pacerepov1/gcc/mpc/0.9/lib -L/usr/local/pacerepov1/gcc/mpfr/3.1.0/lib -L/usr/local/pacerepov1/gmp/5.0.2/lib -L/usr/local/pacerepov1/gcc/4.9.0/lib64 -L/usr/local/pacerepov1/curl/7.42.1/lib  -rdynamic CMakeFiles/cmTC_f94fc.dir/feature_tests.c.o  -o cmTC_f94fc 
gmake[1]: Leaving directory `/nv/coc-ice/ali97/ece6122/assignments/hw5/p3/build/CMakeFiles/CMakeTmp'


    Feature record: C_FEATURE:1c_function_prototypes
    Feature record: C_FEATURE:1c_restrict
    Feature record: C_FEATURE:1c_static_assert
    Feature record: C_FEATURE:1c_variadic_macros


Detecting C [-std=c99] compiler features compiled with the following output:
Change Dir: /nv/coc-ice/ali97/ece6122/assignments/hw5/p3/build/CMakeFiles/CMakeTmp

Run Build Command:"/usr/bin/gmake" "cmTC_2d522/fast"
/usr/bin/gmake -f CMakeFiles/cmTC_2d522.dir/build.make CMakeFiles/cmTC_2d522.dir/build
gmake[1]: Entering directory `/nv/coc-ice/ali97/ece6122/assignments/hw5/p3/build/CMakeFiles/CMakeTmp'
Building C object CMakeFiles/cmTC_2d522.dir/feature_tests.c.o
/usr/local/pacerepov1/gcc/4.9.0/bin/gcc   -std=c99 -o CMakeFiles/cmTC_2d522.dir/feature_tests.c.o   -c /nv/coc-ice/ali97/ece6122/assignments/hw5/p3/build/CMakeFiles/feature_tests.c
Linking C executable cmTC_2d522
/nv/usr-local-rhel6.7/pacerepov1/cmake/3.9.1/bin/cmake -E cmake_link_script CMakeFiles/cmTC_2d522.dir/link.txt --verbose=1
/usr/local/pacerepov1/gcc/4.9.0/bin/gcc    -L/usr/local/pacerepov1/cuda/9.1/lib64 -L/usr/local/pacerepov1/cuda/9.1/lib -L/usr/local/pacerepov1//openmpi/1.8/gcc-4.9.0/lib -L/usr/local/pacerepov1/gcc/mpc/0.9/lib -L/usr/local/pacerepov1/gcc/mpfr/3.1.0/lib -L/usr/local/pacerepov1/gmp/5.0.2/lib -L/usr/local/pacerepov1/gcc/4.9.0/lib64 -L/usr/local/pacerepov1/curl/7.42.1/lib  -rdynamic CMakeFiles/cmTC_2d522.dir/feature_tests.c.o  -o cmTC_2d522 
gmake[1]: Leaving directory `/nv/coc-ice/ali97/ece6122/assignments/hw5/p3/build/CMakeFiles/CMakeTmp'


    Feature record: C_FEATURE:1c_function_prototypes
    Feature record: C_FEATURE:1c_restrict
    Feature record: C_FEATURE:0c_static_assert
    Feature record: C_FEATURE:1c_variadic_macros


Detecting C [-std=c90] compiler features compiled with the following output:
Change Dir: /nv/coc-ice/ali97/ece6122/assignments/hw5/p3/build/CMakeFiles/CMakeTmp

Run Build Command:"/usr/bin/gmake" "cmTC_9504b/fast"
/usr/bin/gmake -f CMakeFiles/cmTC_9504b.dir/build.make CMakeFiles/cmTC_9504b.dir/build
gmake[1]: Entering directory `/nv/coc-ice/ali97/ece6122/assignments/hw5/p3/build/CMakeFiles/CMakeTmp'
Building C object CMakeFiles/cmTC_9504b.dir/feature_tests.c.o
/usr/local/pacerepov1/gcc/4.9.0/bin/gcc   -std=c90 -o CMakeFiles/cmTC_9504b.dir/feature_tests.c.o   -c /nv/coc-ice/ali97/ece6122/assignments/hw5/p3/build/CMakeFiles/feature_tests.c
Linking C executable cmTC_9504b
/nv/usr-local-rhel6.7/pacerepov1/cmake/3.9.1/bin/cmake -E cmake_link_script CMakeFiles/cmTC_9504b.dir/link.txt --verbose=1
/usr/local/pacerepov1/gcc/4.9.0/bin/gcc    -L/usr/local/pacerepov1/cuda/9.1/lib64 -L/usr/local/pacerepov1/cuda/9.1/lib -L/usr/local/pacerepov1//openmpi/1.8/gcc-4.9.0/lib -L/usr/local/pacerepov1/gcc/mpc/0.9/lib -L/usr/local/pacerepov1/gcc/mpfr/3.1.0/lib -L/usr/local/pacerepov1/gmp/5.0.2/lib -L/usr/local/pacerepov1/gcc/4.9.0/lib64 -L/usr/local/pacerepov1/curl/7.42.1/lib  -rdynamic CMakeFiles/cmTC_9504b.dir/feature_tests.c.o  -o cmTC_9504b 
gmake[1]: Leaving directory `/nv/coc-ice/ali97/ece6122/assignments/hw5/p3/build/CMakeFiles/CMakeTmp'


    Feature record: C_FEATURE:1c_function_prototypes
    Feature record: C_FEATURE:0c_restrict
    Feature record: C_FEATURE:0c_static_assert
    Feature record: C_FEATURE:0c_variadic_macros
Determining if the CXX compiler works passed with the following output:
Change Dir: /nv/coc-ice/ali97/ece6122/assignments/hw5/p3/build/CMakeFiles/CMakeTmp

Run Build Command:"/usr/bin/gmake" "cmTC_c5271/fast"
/usr/bin/gmake -f CMakeFiles/cmTC_c5271.dir/build.make CMakeFiles/cmTC_c5271.dir/build
gmake[1]: Entering directory `/nv/coc-ice/ali97/ece6122/assignments/hw5/p3/build/CMakeFiles/CMakeTmp'
Building CXX object CMakeFiles/cmTC_c5271.dir/testCXXCompiler.cxx.o
/usr/local/pacerepov1/gcc/4.9.0/bin/g++     -o CMakeFiles/cmTC_c5271.dir/testCXXCompiler.cxx.o -c /nv/coc-ice/ali97/ece6122/assignments/hw5/p3/build/CMakeFiles/CMakeTmp/testCXXCompiler.cxx
Linking CXX executable cmTC_c5271
/nv/usr-local-rhel6.7/pacerepov1/cmake/3.9.1/bin/cmake -E cmake_link_script CMakeFiles/cmTC_c5271.dir/link.txt --verbose=1
/usr/local/pacerepov1/gcc/4.9.0/bin/g++     -L/usr/local/pacerepov1/cuda/9.1/lib64 -L/usr/local/pacerepov1/cuda/9.1/lib -L/usr/local/pacerepov1//openmpi/1.8/gcc-4.9.0/lib -L/usr/local/pacerepov1/gcc/mpc/0.9/lib -L/usr/local/pacerepov1/gcc/mpfr/3.1.0/lib -L/usr/local/pacerepov1/gmp/5.0.2/lib -L/usr/local/pacerepov1/gcc/4.9.0/lib64 -L/usr/local/pacerepov1/curl/7.42.1/lib  -rdynamic CMakeFiles/cmTC_c5271.dir/testCXXCompiler.cxx.o  -o cmTC_c5271 
gmake[1]: Leaving directory `/nv/coc-ice/ali97/ece6122/assignments/hw5/p3/build/CMakeFiles/CMakeTmp'


Detecting CXX compiler ABI info compiled with the following output:
Change Dir: /nv/coc-ice/ali97/ece6122/assignments/hw5/p3/build/CMakeFiles/CMakeTmp

Run Build Command:"/usr/bin/gmake" "cmTC_9d264/fast"
/usr/bin/gmake -f CMakeFiles/cmTC_9d264.dir/build.make CMakeFiles/cmTC_9d264.dir/build
gmake[1]: Entering directory `/nv/coc-ice/ali97/ece6122/assignments/hw5/p3/build/CMakeFiles/CMakeTmp'
Building CXX object CMakeFiles/cmTC_9d264.dir/CMakeCXXCompilerABI.cpp.o
/usr/local/pacerepov1/gcc/4.9.0/bin/g++     -o CMakeFiles/cmTC_9d264.dir/CMakeCXXCompilerABI.cpp.o -c /nv/usr-local-rhel6.7/pacerepov1/cmake/3.9.1/share/cmake-3.9/Modules/CMakeCXXCompilerABI.cpp
Linking CXX executable cmTC_9d264
/nv/usr-local-rhel6.7/pacerepov1/cmake/3.9.1/bin/cmake -E cmake_link_script CMakeFiles/cmTC_9d264.dir/link.txt --verbose=1
/usr/local/pacerepov1/gcc/4.9.0/bin/g++     -L/usr/local/pacerepov1/cuda/9.1/lib64 -L/usr/local/pacerepov1/cuda/9.1/lib -L/usr/local/pacerepov1//openmpi/1.8/gcc-4.9.0/lib -L/usr/local/pacerepov1/gcc/mpc/0.9/lib -L/usr/local/pacerepov1/gcc/mpfr/3.1.0/lib -L/usr/local/pacerepov1/gmp/5.0.2/lib -L/usr/local/pacerepov1/gcc/4.9.0/lib64 -L/usr/local/pacerepov1/curl/7.42.1/lib -v -rdynamic CMakeFiles/cmTC_9d264.dir/CMakeCXXCompilerABI.cpp.o  -o cmTC_9d264 
Using built-in specs.
COLLECT_GCC=/usr/local/pacerepov1/gcc/4.9.0/bin/g++
COLLECT_LTO_WRAPPER=/nv/usr-local-rhel6.7/pacerepov1/gcc/4.9.0/bin/../libexec/gcc/x86_64-unknown-linux-gnu/4.9.0/lto-wrapper
Target: x86_64-unknown-linux-gnu
Configured with: ../configure --prefix=/usr/local/packages/gcc/4.9.0/ --with-gmp=/usr/local/packages/gmp/5.0.2/gcc-4.4.5/ --with-gmp-lib=/usr/local/packages/gmp/5.0.2/gcc-4.4.5/lib/ --with-mpfr=/usr/local/packages/gcc/mpfr/3.1.0/ --with-mpfr-lib=/usr/local/packages/gcc/mpfr/3.1.0/lib --with-mpc=/usr/local/packages/gcc/mpc/0.9/ --with-mpc-lib=/usr/local/packages/gcc/mpc/0.9/lib/ --enable-languages=c,c++,fortran,go,java
Thread model: posix
gcc version 4.9.0 (GCC) 
COMPILER_PATH=/nv/usr-local-rhel6.7/pacerepov1/gcc/4.9.0/bin/../libexec/gcc/x86_64-unknown-linux-gnu/4.9.0/:/nv/usr-local-rhel6.7/pacerepov1/gcc/4.9.0/bin/../libexec/gcc/
LIBRARY_PATH=/nv/usr-local-rhel6.7/pacerepov1/gcc/4.9.0/bin/../lib/gcc/x86_64-unknown-linux-gnu/4.9.0/:/nv/usr-local-rhel6.7/pacerepov1/gcc/4.9.0/bin/../lib/gcc/:/nv/usr-local-rhel6.7/pacerepov1/gcc/4.9.0/bin/../lib/gcc/x86_64-unknown-linux-gnu/4.9.0/../../../../lib64/:/lib/../lib64/:/usr/lib/../lib64/:/nv/usr-local-rhel6.7/pacerepov1/gcc/4.9.0/bin/../lib/gcc/x86_64-unknown-linux-gnu/4.9.0/../../../:/lib/:/usr/lib/
COLLECT_GCC_OPTIONS='-L/usr/local/pacerepov1/cuda/9.1/lib64' '-L/usr/local/pacerepov1/cuda/9.1/lib' '-L/usr/local/pacerepov1//openmpi/1.8/gcc-4.9.0/lib' '-L/usr/local/pacerepov1/gcc/mpc/0.9/lib' '-L/usr/local/pacerepov1/gcc/mpfr/3.1.0/lib' '-L/usr/local/pacerepov1/gmp/5.0.2/lib' '-L/usr/local/pacerepov1/gcc/4.9.0/lib64' '-L/usr/local/pacerepov1/curl/7.42.1/lib' '-v' '-rdynamic' '-o' 'cmTC_9d264' '-shared-libgcc' '-mtune=generic' '-march=x86-64'
 /nv/usr-local-rhel6.7/pacerepov1/gcc/4.9.0/bin/../libexec/gcc/x86_64-unknown-linux-gnu/4.9.0/collect2 --eh-frame-hdr -m elf_x86_64 -export-dynamic -dynamic-linker /lib64/ld-linux-x86-64.so.2 -o cmTC_9d264 /usr/lib/../lib64/crt1.o /usr/lib/../lib64/crti.o /nv/usr-local-rhel6.7/pacerepov1/gcc/4.9.0/bin/../lib/gcc/x86_64-unknown-linux-gnu/4.9.0/crtbegin.o -L/usr/local/pacerepov1/cuda/9.1/lib64 -L/usr/local/pacerepov1/cuda/9.1/lib -L/usr/local/pacerepov1//openmpi/1.8/gcc-4.9.0/lib -L/usr/local/pacerepov1/gcc/mpc/0.9/lib -L/usr/local/pacerepov1/gcc/mpfr/3.1.0/lib -L/usr/local/pacerepov1/gmp/5.0.2/lib -L/usr/local/pacerepov1/gcc/4.9.0/lib64 -L/usr/local/pacerepov1/curl/7.42.1/lib -L/nv/usr-local-rhel6.7/pacerepov1/gcc/4.9.0/bin/../lib/gcc/x86_64-unknown-linux-gnu/4.9.0 -L/nv/usr-local-rhel6.7/pacerepov1/gcc/4.9.0/bin/../lib/gcc -L/nv/usr-local-rhel6.7/pacerepov1/gcc/4.9.0/bin/../lib/gcc/x86_64-unknown-linux-gnu/4.9.0/../../../../lib64 -L/lib/../lib64 -L/usr/lib/../lib64 -L/nv/usr-local-rhel6.7/pacerepov1/gcc/4.9.0/bin/../lib/gcc/x86_64-unknown-linux-gnu/4.9.0/../../.. CMakeFiles/cmTC_9d264.dir/CMakeCXXCompilerABI.cpp.o -lstdc++ -lm -lgcc_s -lgcc -lc -lgcc_s -lgcc /nv/usr-local-rhel6.7/pacerepov1/gcc/4.9.0/bin/../lib/gcc/x86_64-unknown-linux-gnu/4.9.0/crtend.o /usr/lib/../lib64/crtn.o
gmake[1]: Leaving directory `/nv/coc-ice/ali97/ece6122/assignments/hw5/p3/build/CMakeFiles/CMakeTmp'


Parsed CXX implicit link information from above output:
  link line regex: [^( *|.*[/\])(ld|CMAKE_LINK_STARTFILE-NOTFOUND|([^/\]+-)?ld|collect2)[^/\]*( |$)]
  ignore line: [Change Dir: /nv/coc-ice/ali97/ece6122/assignments/hw5/p3/build/CMakeFiles/CMakeTmp]
  ignore line: []
  ignore line: [Run Build Command:"/usr/bin/gmake" "cmTC_9d264/fast"]
  ignore line: [/usr/bin/gmake -f CMakeFiles/cmTC_9d264.dir/build.make CMakeFiles/cmTC_9d264.dir/build]
  ignore line: [gmake[1]: Entering directory `/nv/coc-ice/ali97/ece6122/assignments/hw5/p3/build/CMakeFiles/CMakeTmp']
  ignore line: [Building CXX object CMakeFiles/cmTC_9d264.dir/CMakeCXXCompilerABI.cpp.o]
  ignore line: [/usr/local/pacerepov1/gcc/4.9.0/bin/g++     -o CMakeFiles/cmTC_9d264.dir/CMakeCXXCompilerABI.cpp.o -c /nv/usr-local-rhel6.7/pacerepov1/cmake/3.9.1/share/cmake-3.9/Modules/CMakeCXXCompilerABI.cpp]
  ignore line: [Linking CXX executable cmTC_9d264]
  ignore line: [/nv/usr-local-rhel6.7/pacerepov1/cmake/3.9.1/bin/cmake -E cmake_link_script CMakeFiles/cmTC_9d264.dir/link.txt --verbose=1]
  ignore line: [/usr/local/pacerepov1/gcc/4.9.0/bin/g++     -L/usr/local/pacerepov1/cuda/9.1/lib64 -L/usr/local/pacerepov1/cuda/9.1/lib -L/usr/local/pacerepov1//openmpi/1.8/gcc-4.9.0/lib -L/usr/local/pacerepov1/gcc/mpc/0.9/lib -L/usr/local/pacerepov1/gcc/mpfr/3.1.0/lib -L/usr/local/pacerepov1/gmp/5.0.2/lib -L/usr/local/pacerepov1/gcc/4.9.0/lib64 -L/usr/local/pacerepov1/curl/7.42.1/lib -v -rdynamic CMakeFiles/cmTC_9d264.dir/CMakeCXXCompilerABI.cpp.o  -o cmTC_9d264 ]
  ignore line: [Using built-in specs.]
  ignore line: [COLLECT_GCC=/usr/local/pacerepov1/gcc/4.9.0/bin/g++]
  ignore line: [COLLECT_LTO_WRAPPER=/nv/usr-local-rhel6.7/pacerepov1/gcc/4.9.0/bin/../libexec/gcc/x86_64-unknown-linux-gnu/4.9.0/lto-wrapper]
  ignore line: [Target: x86_64-unknown-linux-gnu]
  ignore line: [Configured with: ../configure --prefix=/usr/local/packages/gcc/4.9.0/ --with-gmp=/usr/local/packages/gmp/5.0.2/gcc-4.4.5/ --with-gmp-lib=/usr/local/packages/gmp/5.0.2/gcc-4.4.5/lib/ --with-mpfr=/usr/local/packages/gcc/mpfr/3.1.0/ --with-mpfr-lib=/usr/local/packages/gcc/mpfr/3.1.0/lib --with-mpc=/usr/local/packages/gcc/mpc/0.9/ --with-mpc-lib=/usr/local/packages/gcc/mpc/0.9/lib/ --enable-languages=c,c++,fortran,go,java]
  ignore line: [Thread model: posix]
  ignore line: [gcc version 4.9.0 (GCC) ]
  ignore line: [COMPILER_PATH=/nv/usr-local-rhel6.7/pacerepov1/gcc/4.9.0/bin/../libexec/gcc/x86_64-unknown-linux-gnu/4.9.0/:/nv/usr-local-rhel6.7/pacerepov1/gcc/4.9.0/bin/../libexec/gcc/]
  ignore line: [LIBRARY_PATH=/nv/usr-local-rhel6.7/pacerepov1/gcc/4.9.0/bin/../lib/gcc/x86_64-unknown-linux-gnu/4.9.0/:/nv/usr-local-rhel6.7/pacerepov1/gcc/4.9.0/bin/../lib/gcc/:/nv/usr-local-rhel6.7/pacerepov1/gcc/4.9.0/bin/../lib/gcc/x86_64-unknown-linux-gnu/4.9.0/../../../../lib64/:/lib/../lib64/:/usr/lib/../lib64/:/nv/usr-local-rhel6.7/pacerepov1/gcc/4.9.0/bin/../lib/gcc/x86_64-unknown-linux-gnu/4.9.0/../../../:/lib/:/usr/lib/]
  ignore line: [COLLECT_GCC_OPTIONS='-L/usr/local/pacerepov1/cuda/9.1/lib64' '-L/usr/local/pacerepov1/cuda/9.1/lib' '-L/usr/local/pacerepov1//openmpi/1.8/gcc-4.9.0/lib' '-L/usr/local/pacerepov1/gcc/mpc/0.9/lib' '-L/usr/local/pacerepov1/gcc/mpfr/3.1.0/lib' '-L/usr/local/pacerepov1/gmp/5.0.2/lib' '-L/usr/local/pacerepov1/gcc/4.9.0/lib64' '-L/usr/local/pacerepov1/curl/7.42.1/lib' '-v' '-rdynamic' '-o' 'cmTC_9d264' '-shared-libgcc' '-mtune=generic' '-march=x86-64']
  link line: [ /nv/usr-local-rhel6.7/pacerepov1/gcc/4.9.0/bin/../libexec/gcc/x86_64-unknown-linux-gnu/4.9.0/collect2 --eh-frame-hdr -m elf_x86_64 -export-dynamic -dynamic-linker /lib64/ld-linux-x86-64.so.2 -o cmTC_9d264 /usr/lib/../lib64/crt1.o /usr/lib/../lib64/crti.o /nv/usr-local-rhel6.7/pacerepov1/gcc/4.9.0/bin/../lib/gcc/x86_64-unknown-linux-gnu/4.9.0/crtbegin.o -L/usr/local/pacerepov1/cuda/9.1/lib64 -L/usr/local/pacerepov1/cuda/9.1/lib -L/usr/local/pacerepov1//openmpi/1.8/gcc-4.9.0/lib -L/usr/local/pacerepov1/gcc/mpc/0.9/lib -L/usr/local/pacerepov1/gcc/mpfr/3.1.0/lib -L/usr/local/pacerepov1/gmp/5.0.2/lib -L/usr/local/pacerepov1/gcc/4.9.0/lib64 -L/usr/local/pacerepov1/curl/7.42.1/lib -L/nv/usr-local-rhel6.7/pacerepov1/gcc/4.9.0/bin/../lib/gcc/x86_64-unknown-linux-gnu/4.9.0 -L/nv/usr-local-rhel6.7/pacerepov1/gcc/4.9.0/bin/../lib/gcc -L/nv/usr-local-rhel6.7/pacerepov1/gcc/4.9.0/bin/../lib/gcc/x86_64-unknown-linux-gnu/4.9.0/../../../../lib64 -L/lib/../lib64 -L/usr/lib/../lib64 -L/nv/usr-local-rhel6.7/pacerepov1/gcc/4.9.0/bin/../lib/gcc/x86_64-unknown-linux-gnu/4.9.0/../../.. CMakeFiles/cmTC_9d264.dir/CMakeCXXCompilerABI.cpp.o -lstdc++ -lm -lgcc_s -lgcc -lc -lgcc_s -lgcc /nv/usr-local-rhel6.7/pacerepov1/gcc/4.9.0/bin/../lib/gcc/x86_64-unknown-linux-gnu/4.9.0/crtend.o /usr/lib/../lib64/crtn.o]
    arg [/nv/usr-local-rhel6.7/pacerepov1/gcc/4.9.0/bin/../libexec/gcc/x86_64-unknown-linux-gnu/4.9.0/collect2] ==> ignore
    arg [--eh-frame-hdr] ==> ignore
    arg [-m] ==> ignore
    arg [elf_x86_64] ==> ignore
    arg [-export-dynamic] ==> ignore
    arg [-dynamic-linker] ==> ignore
    arg [/lib64/ld-linux-x86-64.so.2] ==> ignore
    arg [-o] ==> ignore
    arg [cmTC_9d264] ==> ignore
    arg [/usr/lib/../lib64/crt1.o] ==> ignore
    arg [/usr/lib/../lib64/crti.o] ==> ignore
    arg [/nv/usr-local-rhel6.7/pacerepov1/gcc/4.9.0/bin/../lib/gcc/x86_64-unknown-linux-gnu/4.9.0/crtbegin.o] ==> ignore
    arg [-L/usr/local/pacerepov1/cuda/9.1/lib64] ==> dir [/usr/local/pacerepov1/cuda/9.1/lib64]
    arg [-L/usr/local/pacerepov1/cuda/9.1/lib] ==> dir [/usr/local/pacerepov1/cuda/9.1/lib]
    arg [-L/usr/local/pacerepov1//openmpi/1.8/gcc-4.9.0/lib] ==> dir [/usr/local/pacerepov1//openmpi/1.8/gcc-4.9.0/lib]
    arg [-L/usr/local/pacerepov1/gcc/mpc/0.9/lib] ==> dir [/usr/local/pacerepov1/gcc/mpc/0.9/lib]
    arg [-L/usr/local/pacerepov1/gcc/mpfr/3.1.0/lib] ==> dir [/usr/local/pacerepov1/gcc/mpfr/3.1.0/lib]
    arg [-L/usr/local/pacerepov1/gmp/5.0.2/lib] ==> dir [/usr/local/pacerepov1/gmp/5.0.2/lib]
    arg [-L/usr/local/pacerepov1/gcc/4.9.0/lib64] ==> dir [/usr/local/pacerepov1/gcc/4.9.0/lib64]
    arg [-L/usr/local/pacerepov1/curl/7.42.1/lib] ==> dir [/usr/local/pacerepov1/curl/7.42.1/lib]
    arg [-L/nv/usr-local-rhel6.7/pacerepov1/gcc/4.9.0/bin/../lib/gcc/x86_64-unknown-linux-gnu/4.9.0] ==> dir [/nv/usr-local-rhel6.7/pacerepov1/gcc/4.9.0/bin/../lib/gcc/x86_64-unknown-linux-gnu/4.9.0]
    arg [-L/nv/usr-local-rhel6.7/pacerepov1/gcc/4.9.0/bin/../lib/gcc] ==> dir [/nv/usr-local-rhel6.7/pacerepov1/gcc/4.9.0/bin/../lib/gcc]
    arg [-L/nv/usr-local-rhel6.7/pacerepov1/gcc/4.9.0/bin/../lib/gcc/x86_64-unknown-linux-gnu/4.9.0/../../../../lib64] ==> dir [/nv/usr-local-rhel6.7/pacerepov1/gcc/4.9.0/bin/../lib/gcc/x86_64-unknown-linux-gnu/4.9.0/../../../../lib64]
    arg [-L/lib/../lib64] ==> dir [/lib/../lib64]
    arg [-L/usr/lib/../lib64] ==> dir [/usr/lib/../lib64]
    arg [-L/nv/usr-local-rhel6.7/pacerepov1/gcc/4.9.0/bin/../lib/gcc/x86_64-unknown-linux-gnu/4.9.0/../../..] ==> dir [/nv/usr-local-rhel6.7/pacerepov1/gcc/4.9.0/bin/../lib/gcc/x86_64-unknown-linux-gnu/4.9.0/../../..]
    arg [CMakeFiles/cmTC_9d264.dir/CMakeCXXCompilerABI.cpp.o] ==> ignore
    arg [-lstdc++] ==> lib [stdc++]
    arg [-lm] ==> lib [m]
    arg [-lgcc_s] ==> lib [gcc_s]
    arg [-lgcc] ==> lib [gcc]
    arg [-lc] ==> lib [c]
    arg [-lgcc_s] ==> lib [gcc_s]
    arg [-lgcc] ==> lib [gcc]
    arg [/nv/usr-local-rhel6.7/pacerepov1/gcc/4.9.0/bin/../lib/gcc/x86_64-unknown-linux-gnu/4.9.0/crtend.o] ==> ignore
    arg [/usr/lib/../lib64/crtn.o] ==> ignore
  collapse library dir [/usr/local/pacerepov1/cuda/9.1/lib64] ==> [/usr/local/pacerepov1/cuda/9.1/lib64]
  collapse library dir [/usr/local/pacerepov1/cuda/9.1/lib] ==> [/usr/local/pacerepov1/cuda/9.1/lib]
  collapse library dir [/usr/local/pacerepov1//openmpi/1.8/gcc-4.9.0/lib] ==> [/usr/local/pacerepov1/openmpi/1.8/gcc-4.9.0/lib]
  collapse library dir [/usr/local/pacerepov1/gcc/mpc/0.9/lib] ==> [/usr/local/pacerepov1/gcc/mpc/0.9/lib]
  collapse library dir [/usr/local/pacerepov1/gcc/mpfr/3.1.0/lib] ==> [/usr/local/pacerepov1/gcc/mpfr/3.1.0/lib]
  collapse library dir [/usr/local/pacerepov1/gmp/5.0.2/lib] ==> [/usr/local/pacerepov1/gmp/5.0.2/lib]
  collapse library dir [/usr/local/pacerepov1/gcc/4.9.0/lib64] ==> [/usr/local/pacerepov1/gcc/4.9.0/lib64]
  collapse library dir [/usr/local/pacerepov1/curl/7.42.1/lib] ==> [/usr/local/pacerepov1/curl/7.42.1/lib]
  collapse library dir [/nv/usr-local-rhel6.7/pacerepov1/gcc/4.9.0/bin/../lib/gcc/x86_64-unknown-linux-gnu/4.9.0] ==> [/nv/usr-local-rhel6.7/pacerepov1/gcc/4.9.0/lib/gcc/x86_64-unknown-linux-gnu/4.9.0]
  collapse library dir [/nv/usr-local-rhel6.7/pacerepov1/gcc/4.9.0/bin/../lib/gcc] ==> [/nv/usr-local-rhel6.7/pacerepov1/gcc/4.9.0/lib/gcc]
  collapse library dir [/nv/usr-local-rhel6.7/pacerepov1/gcc/4.9.0/bin/../lib/gcc/x86_64-unknown-linux-gnu/4.9.0/../../../../lib64] ==> [/nv/usr-local-rhel6.7/pacerepov1/gcc/4.9.0/lib64]
  collapse library dir [/lib/../lib64] ==> [/lib64]
  collapse library dir [/usr/lib/../lib64] ==> [/usr/lib64]
  collapse library dir [/nv/usr-local-rhel6.7/pacerepov1/gcc/4.9.0/bin/../lib/gcc/x86_64-unknown-linux-gnu/4.9.0/../../..] ==> [/nv/usr-local-rhel6.7/pacerepov1/gcc/4.9.0/lib]
  implicit libs: [stdc++;m;gcc_s;gcc;c;gcc_s;gcc]
  implicit dirs: [/usr/local/pacerepov1/cuda/9.1/lib64;/usr/local/pacerepov1/cuda/9.1/lib;/usr/local/pacerepov1/openmpi/1.8/gcc-4.9.0/lib;/usr/local/pacerepov1/gcc/mpc/0.9/lib;/usr/local/pacerepov1/gcc/mpfr/3.1.0/lib;/usr/local/pacerepov1/gmp/5.0.2/lib;/usr/local/pacerepov1/gcc/4.9.0/lib64;/usr/local/pacerepov1/curl/7.42.1/lib;/nv/usr-local-rhel6.7/pacerepov1/gcc/4.9.0/lib/gcc/x86_64-unknown-linux-gnu/4.9.0;/nv/usr-local-rhel6.7/pacerepov1/gcc/4.9.0/lib/gcc;/nv/usr-local-rhel6.7/pacerepov1/gcc/4.9.0/lib64;/lib64;/usr/lib64;/nv/usr-local-rhel6.7/pacerepov1/gcc/4.9.0/lib]
  implicit fwks: []




Detecting CXX [-std=c++14] compiler features compiled with the following output:
Change Dir: /nv/coc-ice/ali97/ece6122/assignments/hw5/p3/build/CMakeFiles/CMakeTmp

Run Build Command:"/usr/bin/gmake" "cmTC_7dabb/fast"
/usr/bin/gmake -f CMakeFiles/cmTC_7dabb.dir/build.make CMakeFiles/cmTC_7dabb.dir/build
gmake[1]: Entering directory `/nv/coc-ice/ali97/ece6122/assignments/hw5/p3/build/CMakeFiles/CMakeTmp'
Building CXX object CMakeFiles/cmTC_7dabb.dir/feature_tests.cxx.o
/usr/local/pacerepov1/gcc/4.9.0/bin/g++    -std=c++14 -o CMakeFiles/cmTC_7dabb.dir/feature_tests.cxx.o -c /nv/coc-ice/ali97/ece6122/assignments/hw5/p3/build/CMakeFiles/feature_tests.cxx
Linking CXX executable cmTC_7dabb
/nv/usr-local-rhel6.7/pacerepov1/cmake/3.9.1/bin/cmake -E cmake_link_script CMakeFiles/cmTC_7dabb.dir/link.txt --verbose=1
/usr/local/pacerepov1/gcc/4.9.0/bin/g++     -L/usr/local/pacerepov1/cuda/9.1/lib64 -L/usr/local/pacerepov1/cuda/9.1/lib -L/usr/local/pacerepov1//openmpi/1.8/gcc-4.9.0/lib -L/usr/local/pacerepov1/gcc/mpc/0.9/lib -L/usr/local/pacerepov1/gcc/mpfr/3.1.0/lib -L/usr/local/pacerepov1/gmp/5.0.2/lib -L/usr/local/pacerepov1/gcc/4.9.0/lib64 -L/usr/local/pacerepov1/curl/7.42.1/lib  -rdynamic CMakeFiles/cmTC_7dabb.dir/feature_tests.cxx.o  -o cmTC_7dabb 
gmake[1]: Leaving directory `/nv/coc-ice/ali97/ece6122/assignments/hw5/p3/build/CMakeFiles/CMakeTmp'


    Feature record: CXX_FEATURE:0cxx_aggregate_default_initializers
    Feature record: CXX_FEATURE:1cxx_alias_templates
    Feature record: CXX_FEATURE:1cxx_alignas
    Feature record: CXX_FEATURE:1cxx_alignof
    Feature record: CXX_FEATURE:1cxx_attributes
    Feature record: CXX_FEATURE:1cxx_attribute_deprecated
    Feature record: CXX_FEATURE:1cxx_auto_type
    Feature record: CXX_FEATURE:1cxx_binary_literals
    Feature record: CXX_FEATURE:1cxx_constexpr
    Feature record: CXX_FEATURE:1cxx_contextual_conversions
    Feature record: CXX_FEATURE:1cxx_decltype
    Feature record: CXX_FEATURE:1cxx_decltype_auto
    Feature record: CXX_FEATURE:1cxx_decltype_incomplete_return_types
    Feature record: CXX_FEATURE:1cxx_default_function_template_args
    Feature record: CXX_FEATURE:1cxx_defaulted_functions
    Feature record: CXX_FEATURE:1cxx_defaulted_move_initializers
    Feature record: CXX_FEATURE:1cxx_delegating_constructors
    Feature record: CXX_FEATURE:1cxx_deleted_functions
    Feature record: CXX_FEATURE:1cxx_digit_separators
    Feature record: CXX_FEATURE:1cxx_enum_forward_declarations
    Feature record: CXX_FEATURE:1cxx_explicit_conversions
    Feature record: CXX_FEATURE:1cxx_extended_friend_declarations
    Feature record: CXX_FEATURE:1cxx_extern_templates
    Feature record: CXX_FEATURE:1cxx_final
    Feature record: CXX_FEATURE:1cxx_func_identifier
    Feature record: CXX_FEATURE:1cxx_generalized_initializers
    Feature record: CXX_FEATURE:1cxx_generic_lambdas
    Feature record: CXX_FEATURE:1cxx_inheriting_constructors
    Feature record: CXX_FEATURE:1cxx_inline_namespaces
    Feature record: CXX_FEATURE:1cxx_lambdas
    Feature record: CXX_FEATURE:1cxx_lambda_init_captures
    Feature record: CXX_FEATURE:1cxx_local_type_template_args
    Feature record: CXX_FEATURE:1cxx_long_long_type
    Feature record: CXX_FEATURE:1cxx_noexcept
    Feature record: CXX_FEATURE:1cxx_nonstatic_member_init
    Feature record: CXX_FEATURE:1cxx_nullptr
    Feature record: CXX_FEATURE:1cxx_override
    Feature record: CXX_FEATURE:1cxx_range_for
    Feature record: CXX_FEATURE:1cxx_raw_string_literals
    Feature record: CXX_FEATURE:1cxx_reference_qualified_functions
    Feature record: CXX_FEATURE:0cxx_relaxed_constexpr
    Feature record: CXX_FEATURE:1cxx_return_type_deduction
    Feature record: CXX_FEATURE:1cxx_right_angle_brackets
    Feature record: CXX_FEATURE:1cxx_rvalue_references
    Feature record: CXX_FEATURE:1cxx_sizeof_member
    Feature record: CXX_FEATURE:1cxx_static_assert
    Feature record: CXX_FEATURE:1cxx_strong_enums
    Feature record: CXX_FEATURE:1cxx_template_template_parameters
    Feature record: CXX_FEATURE:1cxx_thread_local
    Feature record: CXX_FEATURE:1cxx_trailing_return_types
    Feature record: CXX_FEATURE:1cxx_unicode_literals
    Feature record: CXX_FEATURE:1cxx_uniform_initialization
    Feature record: CXX_FEATURE:1cxx_unrestricted_unions
    Feature record: CXX_FEATURE:1cxx_user_literals
    Feature record: CXX_FEATURE:0cxx_variable_templates
    Feature record: CXX_FEATURE:1cxx_variadic_macros
    Feature record: CXX_FEATURE:1cxx_variadic_templates


Detecting CXX [-std=c++11] compiler features compiled with the following output:
Change Dir: /nv/coc-ice/ali97/ece6122/assignments/hw5/p3/build/CMakeFiles/CMakeTmp

Run Build Command:"/usr/bin/gmake" "cmTC_102b7/fast"
/usr/bin/gmake -f CMakeFiles/cmTC_102b7.dir/build.make CMakeFiles/cmTC_102b7.dir/build
gmake[1]: Entering directory `/nv/coc-ice/ali97/ece6122/assignments/hw5/p3/build/CMakeFiles/CMakeTmp'
Building CXX object CMakeFiles/cmTC_102b7.dir/feature_tests.cxx.o
/usr/local/pacerepov1/gcc/4.9.0/bin/g++    -std=c++11 -o CMakeFiles/cmTC_102b7.dir/feature_tests.cxx.o -c /nv/coc-ice/ali97/ece6122/assignments/hw5/p3/build/CMakeFiles/feature_tests.cxx
Linking CXX executable cmTC_102b7
/nv/usr-local-rhel6.7/pacerepov1/cmake/3.9.1/bin/cmake -E cmake_link_script CMakeFiles/cmTC_102b7.dir/link.txt --verbose=1
/usr/local/pacerepov1/gcc/4.9.0/bin/g++     -L/usr/local/pacerepov1/cuda/9.1/lib64 -L/usr/local/pacerepov1/cuda/9.1/lib -L/usr/local/pacerepov1//openmpi/1.8/gcc-4.9.0/lib -L/usr/local/pacerepov1/gcc/mpc/0.9/lib -L/usr/local/pacerepov1/gcc/mpfr/3.1.0/lib -L/usr/local/pacerepov1/gmp/5.0.2/lib -L/usr/local/pacerepov1/gcc/4.9.0/lib64 -L/usr/local/pacerepov1/curl/7.42.1/lib  -rdynamic CMakeFiles/cmTC_102b7.dir/feature_tests.cxx.o  -o cmTC_102b7 
gmake[1]: Leaving directory `/nv/coc-ice/ali97/ece6122/assignments/hw5/p3/build/CMakeFiles/CMakeTmp'


    Feature record: CXX_FEATURE:0cxx_aggregate_default_initializers
    Feature record: CXX_FEATURE:1cxx_alias_templates
    Feature record: CXX_FEATURE:1cxx_alignas
    Feature record: CXX_FEATURE:1cxx_alignof
    Feature record: CXX_FEATURE:1cxx_attributes
    Feature record: CXX_FEATURE:0cxx_attribute_deprecated
    Feature record: CXX_FEATURE:1cxx_auto_type
    Feature record: CXX_FEATURE:0cxx_binary_literals
    Feature record: CXX_FEATURE:1cxx_constexpr
    Feature record: CXX_FEATURE:0cxx_contextual_conversions
    Feature record: CXX_FEATURE:1cxx_decltype
    Feature record: CXX_FEATURE:0cxx_decltype_auto
    Feature record: CXX_FEATURE:1cxx_decltype_incomplete_return_types
    Feature record: CXX_FEATURE:1cxx_default_function_template_args
    Feature record: CXX_FEATURE:1cxx_defaulted_functions
    Feature record: CXX_FEATURE:1cxx_defaulted_move_initializers
    Feature record: CXX_FEATURE:1cxx_delegating_constructors
    Feature record: CXX_FEATURE:1cxx_deleted_functions
    Feature record: CXX_FEATURE:0cxx_digit_separators
    Feature record: CXX_FEATURE:1cxx_enum_forward_declarations
    Feature record: CXX_FEATURE:1cxx_explicit_conversions
    Feature record: CXX_FEATURE:1cxx_extended_friend_declarations
    Feature record: CXX_FEATURE:1cxx_extern_templates
    Feature record: CXX_FEATURE:1cxx_final
    Feature record: CXX_FEATURE:1cxx_func_identifier
    Feature record: CXX_FEATURE:1cxx_generalized_initializers
    Feature record: CXX_FEATURE:0cxx_generic_lambdas
    Feature record: CXX_FEATURE:1cxx_inheriting_constructors
    Feature record: CXX_FEATURE:1cxx_inline_namespaces
    Feature record: CXX_FEATURE:1cxx_lambdas
    Feature record: CXX_FEATURE:0cxx_lambda_init_captures
    Feature record: CXX_FEATURE:1cxx_local_type_template_args
    Feature record: CXX_FEATURE:1cxx_long_long_type
    Feature record: CXX_FEATURE:1cxx_noexcept
    Feature record: CXX_FEATURE:1cxx_nonstatic_member_init
    Feature record: CXX_FEATURE:1cxx_nullptr
    Feature record: CXX_FEATURE:1cxx_override
    Feature record: CXX_FEATURE:1cxx_range_for
    Feature record: CXX_FEATURE:1cxx_raw_string_literals
    Feature record: CXX_FEATURE:1cxx_reference_qualified_functions
    Feature record: CXX_FEATURE:0cxx_relaxed_constexpr
    Feature record: CXX_FEATURE:0cxx_return_type_deduction
    Feature record: CXX_FEATURE:1cxx_right_angle_brackets
    Feature record: CXX_FEATURE:1cxx_rvalue_references
    Feature record: CXX_FEATURE:1cxx_sizeof_member
    Feature record: CXX_FEATURE:1cxx_static_assert
    Feature record: CXX_FEATURE:1cxx_strong_enums
    Feature record: CXX_FEATURE:1cxx_template_template_parameters
    Feature record: CXX_FEATURE:1cxx_thread_local
    Feature record: CXX_FEATURE:1cxx_trailing_return_types
    Feature record: CXX_FEATURE:1cxx_unicode_literals
    Feature record: CXX_FEATURE:1cxx_uniform_initialization
    Feature record: CXX_FEATURE:1cxx_unrestricted_unions
    Feature record: CXX_FEATURE:1cxx_user_literals
    Feature record: CXX_FEATURE:0cxx_variable_templates
    Feature record: CXX_FEATURE:1cxx_variadic_macros
    Feature record: CXX_FEATURE:1cxx_variadic_templates


Detecting CXX [-std=c++98] compiler features compiled with the following output:
Change Dir: /nv/coc-ice/ali97/ece6122/assignments/hw5/p3/build/CMakeFiles/CMakeTmp

Run Build Command:"/usr/bin/gmake" "cmTC_b66a9/fast"
/usr/bin/gmake -f CMakeFiles/cmTC_b66a9.dir/build.make CMakeFiles/cmTC_b66a9.dir/build
gmake[1]: Entering directory `/nv/coc-ice/ali97/ece6122/assignments/hw5/p3/build/CMakeFiles/CMakeTmp'
Building CXX object CMakeFiles/cmTC_b66a9.dir/feature_tests.cxx.o
/usr/local/pacerepov1/gcc/4.9.0/bin/g++    -std=c++98 -o CMakeFiles/cmTC_b66a9.dir/feature_tests.cxx.o -c /nv/coc-ice/ali97/ece6122/assignments/hw5/p3/build/CMakeFiles/feature_tests.cxx
Linking CXX executable cmTC_b66a9
/nv/usr-local-rhel6.7/pacerepov1/cmake/3.9.1/bin/cmake -E cmake_link_script CMakeFiles/cmTC_b66a9.dir/link.txt --verbose=1
/usr/local/pacerepov1/gcc/4.9.0/bin/g++     -L/usr/local/pacerepov1/cuda/9.1/lib64 -L/usr/local/pacerepov1/cuda/9.1/lib -L/usr/local/pacerepov1//openmpi/1.8/gcc-4.9.0/lib -L/usr/local/pacerepov1/gcc/mpc/0.9/lib -L/usr/local/pacerepov1/gcc/mpfr/3.1.0/lib -L/usr/local/pacerepov1/gmp/5.0.2/lib -L/usr/local/pacerepov1/gcc/4.9.0/lib64 -L/usr/local/pacerepov1/curl/7.42.1/lib  -rdynamic CMakeFiles/cmTC_b66a9.dir/feature_tests.cxx.o  -o cmTC_b66a9 
gmake[1]: Leaving directory `/nv/coc-ice/ali97/ece6122/assignments/hw5/p3/build/CMakeFiles/CMakeTmp'


    Feature record: CXX_FEATURE:0cxx_aggregate_default_initializers
    Feature record: CXX_FEATURE:0cxx_alias_templates
    Feature record: CXX_FEATURE:0cxx_alignas
    Feature record: CXX_FEATURE:0cxx_alignof
    Feature record: CXX_FEATURE:0cxx_attributes
    Feature record: CXX_FEATURE:0cxx_attribute_deprecated
    Feature record: CXX_FEATURE:0cxx_auto_type
    Feature record: CXX_FEATURE:0cxx_binary_literals
    Feature record: CXX_FEATURE:0cxx_constexpr
    Feature record: CXX_FEATURE:0cxx_contextual_conversions
    Feature record: CXX_FEATURE:0cxx_decltype
    Feature record: CXX_FEATURE:0cxx_decltype_auto
    Feature record: CXX_FEATURE:0cxx_decltype_incomplete_return_types
    Feature record: CXX_FEATURE:0cxx_default_function_template_args
    Feature record: CXX_FEATURE:0cxx_defaulted_functions
    Feature record: CXX_FEATURE:0cxx_defaulted_move_initializers
    Feature record: CXX_FEATURE:0cxx_delegating_constructors
    Feature record: CXX_FEATURE:0cxx_deleted_functions
    Feature record: CXX_FEATURE:0cxx_digit_separators
    Feature record: CXX_FEATURE:0cxx_enum_forward_declarations
    Feature record: CXX_FEATURE:0cxx_explicit_conversions
    Feature record: CXX_FEATURE:0cxx_extended_friend_declarations
    Feature record: CXX_FEATURE:0cxx_extern_templates
    Feature record: CXX_FEATURE:0cxx_final
    Feature record: CXX_FEATURE:0cxx_func_identifier
    Feature record: CXX_FEATURE:0cxx_generalized_initializers
    Feature record: CXX_FEATURE:0cxx_generic_lambdas
    Feature record: CXX_FEATURE:0cxx_inheriting_constructors
    Feature record: CXX_FEATURE:0cxx_inline_namespaces
    Feature record: CXX_FEATURE:0cxx_lambdas
    Feature record: CXX_FEATURE:0cxx_lambda_init_captures
    Feature record: CXX_FEATURE:0cxx_local_type_template_args
    Feature record: CXX_FEATURE:0cxx_long_long_type
    Feature record: CXX_FEATURE:0cxx_noexcept
    Feature record: CXX_FEATURE:0cxx_nonstatic_member_init
    Feature record: CXX_FEATURE:0cxx_nullptr
    Feature record: CXX_FEATURE:0cxx_override
    Feature record: CXX_FEATURE:0cxx_range_for
    Feature record: CXX_FEATURE:0cxx_raw_string_literals
    Feature record: CXX_FEATURE:0cxx_reference_qualified_functions
    Feature record: CXX_FEATURE:0cxx_relaxed_constexpr
    Feature record: CXX_FEATURE:0cxx_return_type_deduction
    Feature record: CXX_FEATURE:0cxx_right_angle_brackets
    Feature record: CXX_FEATURE:0cxx_rvalue_references
    Feature record: CXX_FEATURE:0cxx_sizeof_member
    Feature record: CXX_FEATURE:0cxx_static_assert
    Feature record: CXX_FEATURE:0cxx_strong_enums
    Feature record: CXX_FEATURE:1cxx_template_template_parameters
    Feature record: CXX_FEATURE:0cxx_thread_local
    Feature record: CXX_FEATURE:0cxx_trailing_return_types
    Feature record: CXX_FEATURE:0cxx_unicode_literals
    Feature record: CXX_FEATURE:0cxx_uniform_initialization
    Feature record: CXX_FEATURE:0cxx_unrestricted_unions
    Feature record: CXX_FEATURE:0cxx_user_literals
    Feature record: CXX_FEATURE:0cxx_variable_templates
    Feature record: CXX_FEATURE:0cxx_variadic_macros
    Feature record: CXX_FEATURE:0cxx_variadic_templates
Determining if the include file pthread.h exists passed with the following output:
Change Dir: /nv/coc-ice/ali97/ece6122/assignments/hw5/p3/build/CMakeFiles/CMakeTmp

Run Build Command:"/usr/bin/gmake" "cmTC_f567d/fast"
/usr/bin/gmake -f CMakeFiles/cmTC_f567d.dir/build.make CMakeFiles/cmTC_f567d.dir/build
gmake[1]: Entering directory `/nv/coc-ice/ali97/ece6122/assignments/hw5/p3/build/CMakeFiles/CMakeTmp'
Building C object CMakeFiles/cmTC_f567d.dir/CheckIncludeFile.c.o
/usr/local/pacerepov1/gcc/4.9.0/bin/gcc    -o CMakeFiles/cmTC_f567d.dir/CheckIncludeFile.c.o   -c /nv/coc-ice/ali97/ece6122/assignments/hw5/p3/build/CMakeFiles/CMakeTmp/CheckIncludeFile.c
Linking C executable cmTC_f567d
/nv/usr-local-rhel6.7/pacerepov1/cmake/3.9.1/bin/cmake -E cmake_link_script CMakeFiles/cmTC_f567d.dir/link.txt --verbose=1
/usr/local/pacerepov1/gcc/4.9.0/bin/gcc    -L/usr/local/pacerepov1/cuda/9.1/lib64 -L/usr/local/pacerepov1/cuda/9.1/lib -L/usr/local/pacerepov1//openmpi/1.8/gcc-4.9.0/lib -L/usr/local/pacerepov1/gcc/mpc/0.9/lib -L/usr/local/pacerepov1/gcc/mpfr/3.1.0/lib -L/usr/local/pacerepov1/gmp/5.0.2/lib -L/usr/local/pacerepov1/gcc/4.9.0/lib64 -L/usr/local/pacerepov1/curl/7.42.1/lib  CMakeFiles/cmTC_f567d.dir/CheckIncludeFile.c.o  -o cmTC_f567d 
gmake[1]: Leaving directory `/nv/coc-ice/ali97/ece6122/assignments/hw5/p3/build/CMakeFiles/CMakeTmp'


Determining if the function pthread_create exists in the pthread passed with the following output:
Change Dir: /nv/coc-ice/ali97/ece6122/assignments/hw5/p3/build/CMakeFiles/CMakeTmp

Run Build Command:"/usr/bin/gmake" "cmTC_6881f/fast"
/usr/bin/gmake -f CMakeFiles/cmTC_6881f.dir/build.make CMakeFiles/cmTC_6881f.dir/build
gmake[1]: Entering directory `/nv/coc-ice/ali97/ece6122/assignments/hw5/p3/build/CMakeFiles/CMakeTmp'
Building C object CMakeFiles/cmTC_6881f.dir/CheckFunctionExists.c.o
/usr/local/pacerepov1/gcc/4.9.0/bin/gcc   -DCHECK_FUNCTION_EXISTS=pthread_create   -o CMakeFiles/cmTC_6881f.dir/CheckFunctionExists.c.o   -c /nv/usr-local-rhel6.7/pacerepov1/cmake/3.9.1/share/cmake-3.9/Modules/CheckFunctionExists.c
Linking C executable cmTC_6881f
/nv/usr-local-rhel6.7/pacerepov1/cmake/3.9.1/bin/cmake -E cmake_link_script CMakeFiles/cmTC_6881f.dir/link.txt --verbose=1
/usr/local/pacerepov1/gcc/4.9.0/bin/gcc  -DCHECK_FUNCTION_EXISTS=pthread_create  -L/usr/local/pacerepov1/cuda/9.1/lib64 -L/usr/local/pacerepov1/cuda/9.1/lib -L/usr/local/pacerepov1//openmpi/1.8/gcc-4.9.0/lib -L/usr/local/pacerepov1/gcc/mpc/0.9/lib -L/usr/local/pacerepov1/gcc/mpfr/3.1.0/lib -L/usr/local/pacerepov1/gmp/5.0.2/lib -L/usr/local/pacerepov1/gcc/4.9.0/lib64 -L/usr/local/pacerepov1/curl/7.42.1/lib  CMakeFiles/cmTC_6881f.dir/CheckFunctionExists.c.o  -o cmTC_6881f -lpthread 
gmake[1]: Leaving directory `/nv/coc-ice/ali97/ece6122/assignments/hw5/p3/build/CMakeFiles/CMakeTmp'


