Determining if the pthread_create exist failed with the following output:
Change Dir: /nv/coc-ice/ali97/ece6122/assignments/hw5/p3/build/CMakeFiles/CMakeTmp

Run Build Command:"/usr/bin/gmake" "cmTC_07d0d/fast"
/usr/bin/gmake -f CMakeFiles/cmTC_07d0d.dir/build.make CMakeFiles/cmTC_07d0d.dir/build
gmake[1]: Entering directory `/nv/coc-ice/ali97/ece6122/assignments/hw5/p3/build/CMakeFiles/CMakeTmp'
Building C object CMakeFiles/cmTC_07d0d.dir/CheckSymbolExists.c.o
/usr/local/pacerepov1/gcc/4.9.0/bin/gcc    -o CMakeFiles/cmTC_07d0d.dir/CheckSymbolExists.c.o   -c /nv/coc-ice/ali97/ece6122/assignments/hw5/p3/build/CMakeFiles/CMakeTmp/CheckSymbolExists.c
Linking C executable cmTC_07d0d
/nv/usr-local-rhel6.7/pacerepov1/cmake/3.9.1/bin/cmake -E cmake_link_script CMakeFiles/cmTC_07d0d.dir/link.txt --verbose=1
/usr/local/pacerepov1/gcc/4.9.0/bin/gcc    -L/usr/local/pacerepov1/cuda/9.1/lib64 -L/usr/local/pacerepov1/cuda/9.1/lib -L/usr/local/pacerepov1//openmpi/1.8/gcc-4.9.0/lib -L/usr/local/pacerepov1/gcc/mpc/0.9/lib -L/usr/local/pacerepov1/gcc/mpfr/3.1.0/lib -L/usr/local/pacerepov1/gmp/5.0.2/lib -L/usr/local/pacerepov1/gcc/4.9.0/lib64 -L/usr/local/pacerepov1/curl/7.42.1/lib  CMakeFiles/cmTC_07d0d.dir/CheckSymbolExists.c.o  -o cmTC_07d0d 
CMakeFiles/cmTC_07d0d.dir/CheckSymbolExists.c.o: In function `main':
CheckSymbolExists.c:(.text+0x16): undefined reference to `pthread_create'
collect2: error: ld returned 1 exit status
gmake[1]: *** [cmTC_07d0d] Error 1
gmake[1]: Leaving directory `/nv/coc-ice/ali97/ece6122/assignments/hw5/p3/build/CMakeFiles/CMakeTmp'
gmake: *** [cmTC_07d0d/fast] Error 2

File /nv/coc-ice/ali97/ece6122/assignments/hw5/p3/build/CMakeFiles/CMakeTmp/CheckSymbolExists.c:
/* */
#include <pthread.h>

int main(int argc, char** argv)
{
  (void)argv;
#ifndef pthread_create
  return ((int*)(&pthread_create))[argc];
#else
  (void)argc;
  return 0;
#endif
}

Determining if the function pthread_create exists in the pthreads failed with the following output:
Change Dir: /nv/coc-ice/ali97/ece6122/assignments/hw5/p3/build/CMakeFiles/CMakeTmp

Run Build Command:"/usr/bin/gmake" "cmTC_1ce1e/fast"
/usr/bin/gmake -f CMakeFiles/cmTC_1ce1e.dir/build.make CMakeFiles/cmTC_1ce1e.dir/build
gmake[1]: Entering directory `/nv/coc-ice/ali97/ece6122/assignments/hw5/p3/build/CMakeFiles/CMakeTmp'
Building C object CMakeFiles/cmTC_1ce1e.dir/CheckFunctionExists.c.o
/usr/local/pacerepov1/gcc/4.9.0/bin/gcc   -DCHECK_FUNCTION_EXISTS=pthread_create   -o CMakeFiles/cmTC_1ce1e.dir/CheckFunctionExists.c.o   -c /nv/usr-local-rhel6.7/pacerepov1/cmake/3.9.1/share/cmake-3.9/Modules/CheckFunctionExists.c
Linking C executable cmTC_1ce1e
/nv/usr-local-rhel6.7/pacerepov1/cmake/3.9.1/bin/cmake -E cmake_link_script CMakeFiles/cmTC_1ce1e.dir/link.txt --verbose=1
/usr/local/pacerepov1/gcc/4.9.0/bin/gcc  -DCHECK_FUNCTION_EXISTS=pthread_create  -L/usr/local/pacerepov1/cuda/9.1/lib64 -L/usr/local/pacerepov1/cuda/9.1/lib -L/usr/local/pacerepov1//openmpi/1.8/gcc-4.9.0/lib -L/usr/local/pacerepov1/gcc/mpc/0.9/lib -L/usr/local/pacerepov1/gcc/mpfr/3.1.0/lib -L/usr/local/pacerepov1/gmp/5.0.2/lib -L/usr/local/pacerepov1/gcc/4.9.0/lib64 -L/usr/local/pacerepov1/curl/7.42.1/lib  CMakeFiles/cmTC_1ce1e.dir/CheckFunctionExists.c.o  -o cmTC_1ce1e -lpthreads 
/usr/bin/ld: cannot find -lpthreads
collect2: error: ld returned 1 exit status
gmake[1]: *** [cmTC_1ce1e] Error 1
gmake[1]: Leaving directory `/nv/coc-ice/ali97/ece6122/assignments/hw5/p3/build/CMakeFiles/CMakeTmp'
gmake: *** [cmTC_1ce1e/fast] Error 2


